This file contains any messages produced by compilers while
running configure, to aid debugging if configure makes a mistake.

It was created by WiflyLight configure 0.1, which was
generated by GNU Autoconf 2.69.  Invocation command line was

  $ ./configure 

## --------- ##
## Platform. ##
## --------- ##

hostname = Nils-Weis-MacBook-Pro-2.local
uname -m = x86_64
uname -r = 12.4.0
uname -s = Darwin
uname -v = Darwin Kernel Version 12.4.0: Wed May  1 17:57:12 PDT 2013; root:xnu-2050.24.15~1/RELEASE_X86_64

/usr/bin/uname -p = i386
/bin/uname -X     = unknown

/bin/arch              = unknown
/usr/bin/arch -k       = unknown
/usr/convex/getsysinfo = unknown
/usr/bin/hostinfo      = Mach kernel version:
	 Darwin Kernel Version 12.4.0: Wed May  1 17:57:12 PDT 2013; root:xnu-2050.24.15~1/RELEASE_X86_64
Kernel configured for up to 4 processors.
2 processors are physically available.
4 processors are logically available.
Processor type: i486 (Intel 80486)
Processors active: 0 1 2 3
Primary memory available: 8.00 gigabytes
Default processor set: 163 tasks, 879 threads, 4 processors
Load average: 1.98, Mach factor: 2.17
/bin/machine           = unknown
/usr/bin/oslevel       = unknown
/bin/universe          = unknown

PATH: /Users/weitys1/.rvm/gems/ruby-1.9.3-p374/bin
PATH: /Users/weitys1/.rvm/gems/ruby-1.9.3-p374@global/bin
PATH: /Users/weitys1/.rvm/rubies/ruby-1.9.3-p374/bin
PATH: /Users/weitys1/.rvm/bin
PATH: /opt/local/bin
PATH: /opt/local/sbin
PATH: /usr/bin
PATH: /bin
PATH: /usr/sbin
PATH: /sbin
PATH: /usr/local/bin


## ----------- ##
## Core tests. ##
## ----------- ##

configure:2389: checking for g++
configure:2405: found /opt/local/bin/g++
configure:2416: result: g++
configure:2443: checking for C++ compiler version
configure:2452: g++ --version >&5
g++ (MacPorts gcc47 4.7.2_2+universal) 4.7.2
Copyright (C) 2012 Free Software Foundation, Inc.
This is free software; see the source for copying conditions.  There is NO
warranty; not even for MERCHANTABILITY or FITNESS FOR A PARTICULAR PURPOSE.

configure:2463: $? = 0
configure:2452: g++ -v >&5
Using built-in specs.
COLLECT_GCC=g++
COLLECT_LTO_WRAPPER=/opt/local/libexec/gcc/x86_64-apple-darwin12/4.7.2/lto-wrapper
Target: x86_64-apple-darwin12
Configured with: ../gcc-4.7.2/configure --prefix=/opt/local --build=x86_64-apple-darwin12 --enable-languages=c,c++,objc,obj-c++,lto,fortran,java --libdir=/opt/local/lib/gcc47 --includedir=/opt/local/include/gcc47 --infodir=/opt/local/share/info --mandir=/opt/local/share/man --datarootdir=/opt/local/share/gcc-4.7 --with-libiconv-prefix=/opt/local --with-local-prefix=/opt/local --with-system-zlib --disable-nls --program-suffix=-mp-4.7 --with-gxx-include-dir=/opt/local/include/gcc47/c++/ --with-gmp=/opt/local --with-mpfr=/opt/local --with-mpc=/opt/local --with-ppl=/opt/local --with-cloog=/opt/local --enable-cloog-backend=isl --disable-cloog-version-check --enable-stage1-checking --enable-lto --enable-libstdcxx-time --with-as=/opt/local/bin/as --with-ld=/opt/local/bin/ld --with-ar=/opt/local/bin/ar --with-bugurl=https://trac.macports.org/newticket --disable-ppl-version-check --with-pkgversion='MacPorts gcc47 4.7.2_2+universal'
Thread model: posix
gcc version 4.7.2 (MacPorts gcc47 4.7.2_2+universal) 
configure:2463: $? = 0
configure:2452: g++ -V >&5
g++: error: unrecognized command line option '-V'
g++: fatal error: no input files
compilation terminated.
configure:2463: $? = 1
configure:2452: g++ -qversion >&5
g++: error: unrecognized command line option '-qversion'
g++: fatal error: no input files
compilation terminated.
configure:2463: $? = 1
configure:2483: checking whether the C++ compiler works
configure:2505: g++    conftest.cpp  >&5
configure:2509: $? = 0
configure:2557: result: yes
configure:2560: checking for C++ compiler default output file name
configure:2562: result: a.out
configure:2568: checking for suffix of executables
configure:2575: g++ -o conftest    conftest.cpp  >&5
configure:2579: $? = 0
configure:2601: result: 
configure:2623: checking whether we are cross compiling
configure:2631: g++ -o conftest    conftest.cpp  >&5
configure:2635: $? = 0
configure:2642: ./conftest
configure:2646: $? = 0
configure:2661: result: no
configure:2666: checking for suffix of object files
configure:2688: g++ -c   conftest.cpp >&5
configure:2692: $? = 0
configure:2713: result: o
configure:2717: checking whether we are using the GNU C++ compiler
configure:2736: g++ -c   conftest.cpp >&5
configure:2736: $? = 0
configure:2745: result: yes
configure:2754: checking whether g++ accepts -g
configure:2774: g++ -c -g  conftest.cpp >&5
configure:2774: $? = 0
configure:2815: result: yes
configure:2886: checking for gcc
configure:2902: found /opt/local/bin/gcc
configure:2913: result: gcc
configure:3142: checking for C compiler version
configure:3151: gcc --version >&5
gcc (MacPorts gcc47 4.7.2_2+universal) 4.7.2
Copyright (C) 2012 Free Software Foundation, Inc.
This is free software; see the source for copying conditions.  There is NO
warranty; not even for MERCHANTABILITY or FITNESS FOR A PARTICULAR PURPOSE.

configure:3162: $? = 0
configure:3151: gcc -v >&5
Using built-in specs.
COLLECT_GCC=gcc
COLLECT_LTO_WRAPPER=/opt/local/libexec/gcc/x86_64-apple-darwin12/4.7.2/lto-wrapper
Target: x86_64-apple-darwin12
Configured with: ../gcc-4.7.2/configure --prefix=/opt/local --build=x86_64-apple-darwin12 --enable-languages=c,c++,objc,obj-c++,lto,fortran,java --libdir=/opt/local/lib/gcc47 --includedir=/opt/local/include/gcc47 --infodir=/opt/local/share/info --mandir=/opt/local/share/man --datarootdir=/opt/local/share/gcc-4.7 --with-libiconv-prefix=/opt/local --with-local-prefix=/opt/local --with-system-zlib --disable-nls --program-suffix=-mp-4.7 --with-gxx-include-dir=/opt/local/include/gcc47/c++/ --with-gmp=/opt/local --with-mpfr=/opt/local --with-mpc=/opt/local --with-ppl=/opt/local --with-cloog=/opt/local --enable-cloog-backend=isl --disable-cloog-version-check --enable-stage1-checking --enable-lto --enable-libstdcxx-time --with-as=/opt/local/bin/as --with-ld=/opt/local/bin/ld --with-ar=/opt/local/bin/ar --with-bugurl=https://trac.macports.org/newticket --disable-ppl-version-check --with-pkgversion='MacPorts gcc47 4.7.2_2+universal'
Thread model: posix
gcc version 4.7.2 (MacPorts gcc47 4.7.2_2+universal) 
configure:3162: $? = 0
configure:3151: gcc -V >&5
gcc: error: unrecognized command line option '-V'
gcc: fatal error: no input files
compilation terminated.
configure:3162: $? = 1
configure:3151: gcc -qversion >&5
gcc: error: unrecognized command line option '-qversion'
gcc: fatal error: no input files
compilation terminated.
configure:3162: $? = 1
configure:3166: checking whether we are using the GNU C compiler
configure:3185: gcc -c   conftest.c >&5
configure:3185: $? = 0
configure:3194: result: yes
configure:3203: checking whether gcc accepts -g
configure:3223: gcc -c -g  conftest.c >&5
configure:3223: $? = 0
configure:3264: result: yes
configure:3281: checking for gcc option to accept ISO C89
configure:3344: gcc  -c -g -O2  conftest.c >&5
configure:3344: $? = 0
configure:3357: result: none needed
configure:3377: checking whether make sets $(MAKE)
configure:3399: result: yes
configure:3416: checking for wine
configure:3434: found /opt/local/bin/wine
configure:3447: result: /opt/local/bin/wine
configure:3457: checking for ndk-build
configure:3488: result: not_found
configure:3498: checking for doxygen
configure:3516: found /opt/local/bin/doxygen
configure:3529: result: /opt/local/bin/doxygen
configure:3539: checking for git
configure:3557: found /usr/bin/git
configure:3570: result: /usr/bin/git
configure:3583: checking for CC8E.EXE
configure:3602: found /Users/weitys1/Dropbox/Wifly_Light/CC8E/CC8E.EXE
configure:3615: result: /Users/weitys1/Dropbox/Wifly_Light/CC8E/CC8E.EXE
configure:3628: result: CC8E found!
configure:3634: checking for glAlphaFunc in -lGL
configure:3659: gcc -o conftest -g -O2   conftest.c -lGL   >&5
ld: library not found for -lGL
collect2: error: ld returned 1 exit status
configure:3659: $? = 1
configure: failed program was:
| /* confdefs.h */
| #define PACKAGE_NAME "WiflyLight"
| #define PACKAGE_TARNAME "wiflylight"
| #define PACKAGE_VERSION "0.1"
| #define PACKAGE_STRING "WiflyLight 0.1"
| #define PACKAGE_BUGREPORT "weitys1@aol.com"
| #define PACKAGE_URL ""
| /* end confdefs.h.  */
| 
| /* Override any GCC internal prototype to avoid an error.
|    Use char because int might match the return type of a GCC
|    builtin and then its argument prototype would still apply.  */
| #ifdef __cplusplus
| extern "C"
| #endif
| char glAlphaFunc ();
| int
| main ()
| {
| return glAlphaFunc ();
|   ;
|   return 0;
| }
configure:3668: result: no
configure:3678: checking for gluBeginCurve in -lGLU
configure:3703: gcc -o conftest -g -O2   conftest.c -lGLU   >&5
ld: library not found for -lGLU
collect2: error: ld returned 1 exit status
configure:3703: $? = 1
configure: failed program was:
| /* confdefs.h */
| #define PACKAGE_NAME "WiflyLight"
| #define PACKAGE_TARNAME "wiflylight"
| #define PACKAGE_VERSION "0.1"
| #define PACKAGE_STRING "WiflyLight 0.1"
| #define PACKAGE_BUGREPORT "weitys1@aol.com"
| #define PACKAGE_URL ""
| /* end confdefs.h.  */
| 
| /* Override any GCC internal prototype to avoid an error.
|    Use char because int might match the return type of a GCC
|    builtin and then its argument prototype would still apply.  */
| #ifdef __cplusplus
| extern "C"
| #endif
| char gluBeginCurve ();
| int
| main ()
| {
| return gluBeginCurve ();
|   ;
|   return 0;
| }
configure:3712: result: no
configure:3722: checking for glutBitmapCharacter in -lglut
configure:3747: gcc -o conftest -g -O2   conftest.c -lglut   >&5
ld: library not found for -lglut
collect2: error: ld returned 1 exit status
configure:3747: $? = 1
configure: failed program was:
| /* confdefs.h */
| #define PACKAGE_NAME "WiflyLight"
| #define PACKAGE_TARNAME "wiflylight"
| #define PACKAGE_VERSION "0.1"
| #define PACKAGE_STRING "WiflyLight 0.1"
| #define PACKAGE_BUGREPORT "weitys1@aol.com"
| #define PACKAGE_URL ""
| /* end confdefs.h.  */
| 
| /* Override any GCC internal prototype to avoid an error.
|    Use char because int might match the return type of a GCC
|    builtin and then its argument prototype would still apply.  */
| #ifdef __cplusplus
| extern "C"
| #endif
| char glutBitmapCharacter ();
| int
| main ()
| {
| return glutBitmapCharacter ();
|   ;
|   return 0;
| }
configure:3756: result: no
configure:3766: checking for pthread_create in -lpthread
configure:3791: gcc -o conftest -g -O2   conftest.c -lpthread   >&5
configure:3791: $? = 0
configure:3800: result: yes
configure:3811: checking for sleep_for in -lthread
configure:3836: gcc -o conftest -g -O2   conftest.c -lthread  -lpthread  >&5
ld: library not found for -lthread
collect2: error: ld returned 1 exit status
configure:3836: $? = 1
configure: failed program was:
| /* confdefs.h */
| #define PACKAGE_NAME "WiflyLight"
| #define PACKAGE_TARNAME "wiflylight"
| #define PACKAGE_VERSION "0.1"
| #define PACKAGE_STRING "WiflyLight 0.1"
| #define PACKAGE_BUGREPORT "weitys1@aol.com"
| #define PACKAGE_URL ""
| #define HAVE_LIBPTHREAD 1
| /* end confdefs.h.  */
| 
| /* Override any GCC internal prototype to avoid an error.
|    Use char because int might match the return type of a GCC
|    builtin and then its argument prototype would still apply.  */
| #ifdef __cplusplus
| extern "C"
| #endif
| char sleep_for ();
| int
| main ()
| {
| return sleep_for ();
|   ;
|   return 0;
| }
configure:3845: result: no
configure:3863: checking how to run the C preprocessor
configure:3894: gcc -E  conftest.c
configure:3894: $? = 0
configure:3908: gcc -E  conftest.c
conftest.c:10:28: fatal error: ac_nonexistent.h: No such file or directory
compilation terminated.
configure:3908: $? = 1
configure: failed program was:
| /* confdefs.h */
| #define PACKAGE_NAME "WiflyLight"
| #define PACKAGE_TARNAME "wiflylight"
| #define PACKAGE_VERSION "0.1"
| #define PACKAGE_STRING "WiflyLight 0.1"
| #define PACKAGE_BUGREPORT "weitys1@aol.com"
| #define PACKAGE_URL ""
| #define HAVE_LIBPTHREAD 1
| /* end confdefs.h.  */
| #include <ac_nonexistent.h>
configure:3933: result: gcc -E
configure:3953: gcc -E  conftest.c
configure:3953: $? = 0
configure:3967: gcc -E  conftest.c
conftest.c:10:28: fatal error: ac_nonexistent.h: No such file or directory
compilation terminated.
configure:3967: $? = 1
configure: failed program was:
| /* confdefs.h */
| #define PACKAGE_NAME "WiflyLight"
| #define PACKAGE_TARNAME "wiflylight"
| #define PACKAGE_VERSION "0.1"
| #define PACKAGE_STRING "WiflyLight 0.1"
| #define PACKAGE_BUGREPORT "weitys1@aol.com"
| #define PACKAGE_URL ""
| #define HAVE_LIBPTHREAD 1
| /* end confdefs.h.  */
| #include <ac_nonexistent.h>
configure:3996: checking for grep that handles long lines and -e
configure:4054: result: /usr/bin/grep
configure:4059: checking for egrep
configure:4121: result: /usr/bin/grep -E
configure:4126: checking for ANSI C header files
configure:4146: gcc -c -g -O2  conftest.c >&5
configure:4146: $? = 0
configure:4219: gcc -o conftest -g -O2   conftest.c -lpthread  >&5
configure:4219: $? = 0
configure:4219: ./conftest
configure:4219: $? = 0
configure:4230: result: yes
configure:4243: checking for sys/types.h
configure:4243: gcc -c -g -O2  conftest.c >&5
configure:4243: $? = 0
configure:4243: result: yes
configure:4243: checking for sys/stat.h
configure:4243: gcc -c -g -O2  conftest.c >&5
configure:4243: $? = 0
configure:4243: result: yes
configure:4243: checking for stdlib.h
configure:4243: gcc -c -g -O2  conftest.c >&5
configure:4243: $? = 0
configure:4243: result: yes
configure:4243: checking for string.h
configure:4243: gcc -c -g -O2  conftest.c >&5
configure:4243: $? = 0
configure:4243: result: yes
configure:4243: checking for memory.h
configure:4243: gcc -c -g -O2  conftest.c >&5
configure:4243: $? = 0
configure:4243: result: yes
configure:4243: checking for strings.h
configure:4243: gcc -c -g -O2  conftest.c >&5
configure:4243: $? = 0
configure:4243: result: yes
configure:4243: checking for inttypes.h
configure:4243: gcc -c -g -O2  conftest.c >&5
configure:4243: $? = 0
configure:4243: result: yes
configure:4243: checking for stdint.h
configure:4243: gcc -c -g -O2  conftest.c >&5
configure:4243: $? = 0
configure:4243: result: yes
configure:4243: checking for unistd.h
configure:4243: gcc -c -g -O2  conftest.c >&5
configure:4243: $? = 0
configure:4243: result: yes
configure:4258: checking arpa/inet.h usability
configure:4258: gcc -c -g -O2  conftest.c >&5
configure:4258: $? = 0
configure:4258: result: yes
configure:4258: checking arpa/inet.h presence
configure:4258: gcc -E  conftest.c
configure:4258: $? = 0
configure:4258: result: yes
configure:4258: checking for arpa/inet.h
configure:4258: result: yes
configure:4258: checking netinet/in.h usability
configure:4258: gcc -c -g -O2  conftest.c >&5
configure:4258: $? = 0
configure:4258: result: yes
configure:4258: checking netinet/in.h presence
configure:4258: gcc -E  conftest.c
configure:4258: $? = 0
configure:4258: result: yes
configure:4258: checking for netinet/in.h
configure:4258: result: yes
configure:4258: checking stddef.h usability
configure:4258: gcc -c -g -O2  conftest.c >&5
configure:4258: $? = 0
configure:4258: result: yes
configure:4258: checking stddef.h presence
configure:4258: gcc -E  conftest.c
configure:4258: $? = 0
configure:4258: result: yes
configure:4258: checking for stddef.h
configure:4258: result: yes
configure:4258: checking for stdint.h
configure:4258: result: yes
configure:4258: checking for stdlib.h
configure:4258: result: yes
configure:4258: checking for string.h
configure:4258: result: yes
configure:4258: checking sys/socket.h usability
configure:4258: gcc -c -g -O2  conftest.c >&5
configure:4258: $? = 0
configure:4258: result: yes
configure:4258: checking sys/socket.h presence
configure:4258: gcc -E  conftest.c
configure:4258: $? = 0
configure:4258: result: yes
configure:4258: checking for sys/socket.h
configure:4258: result: yes
configure:4258: checking sys/time.h usability
configure:4258: gcc -c -g -O2  conftest.c >&5
configure:4258: $? = 0
configure:4258: result: yes
configure:4258: checking sys/time.h presence
configure:4258: gcc -E  conftest.c
configure:4258: $? = 0
configure:4258: result: yes
configure:4258: checking for sys/time.h
configure:4258: result: yes
configure:4258: checking for unistd.h
configure:4258: result: yes
configure:4270: checking for stdbool.h that conforms to C99
configure:4337: gcc -c -g -O2  conftest.c >&5
configure:4337: $? = 0
configure:4344: result: yes
configure:4346: checking for _Bool
configure:4346: gcc -c -g -O2  conftest.c >&5
configure:4346: $? = 0
configure:4346: gcc -c -g -O2  conftest.c >&5
conftest.c: In function 'main':
conftest.c:65:20: error: expected expression before ')' token
configure:4346: $? = 1
configure: failed program was:
| /* confdefs.h */
| #define PACKAGE_NAME "WiflyLight"
| #define PACKAGE_TARNAME "wiflylight"
| #define PACKAGE_VERSION "0.1"
| #define PACKAGE_STRING "WiflyLight 0.1"
| #define PACKAGE_BUGREPORT "weitys1@aol.com"
| #define PACKAGE_URL ""
| #define HAVE_LIBPTHREAD 1
| #define STDC_HEADERS 1
| #define HAVE_SYS_TYPES_H 1
| #define HAVE_SYS_STAT_H 1
| #define HAVE_STDLIB_H 1
| #define HAVE_STRING_H 1
| #define HAVE_MEMORY_H 1
| #define HAVE_STRINGS_H 1
| #define HAVE_INTTYPES_H 1
| #define HAVE_STDINT_H 1
| #define HAVE_UNISTD_H 1
| #define HAVE_ARPA_INET_H 1
| #define HAVE_NETINET_IN_H 1
| #define HAVE_STDDEF_H 1
| #define HAVE_STDINT_H 1
| #define HAVE_STDLIB_H 1
| #define HAVE_STRING_H 1
| #define HAVE_SYS_SOCKET_H 1
| #define HAVE_SYS_TIME_H 1
| #define HAVE_UNISTD_H 1
| /* end confdefs.h.  */
| #include <stdio.h>
| #ifdef HAVE_SYS_TYPES_H
| # include <sys/types.h>
| #endif
| #ifdef HAVE_SYS_STAT_H
| # include <sys/stat.h>
| #endif
| #ifdef STDC_HEADERS
| # include <stdlib.h>
| # include <stddef.h>
| #else
| # ifdef HAVE_STDLIB_H
| #  include <stdlib.h>
| # endif
| #endif
| #ifdef HAVE_STRING_H
| # if !defined STDC_HEADERS && defined HAVE_MEMORY_H
| #  include <memory.h>
| # endif
| # include <string.h>
| #endif
| #ifdef HAVE_STRINGS_H
| # include <strings.h>
| #endif
| #ifdef HAVE_INTTYPES_H
| # include <inttypes.h>
| #endif
| #ifdef HAVE_STDINT_H
| # include <stdint.h>
| #endif
| #ifdef HAVE_UNISTD_H
| # include <unistd.h>
| #endif
| int
| main ()
| {
| if (sizeof ((_Bool)))
| 	    return 0;
|   ;
|   return 0;
| }
configure:4346: result: yes
configure:4357: checking for inline
configure:4373: gcc -c -g -O2  conftest.c >&5
configure:4373: $? = 0
configure:4381: result: inline
configure:4399: checking for int32_t
configure:4399: gcc -c -g -O2  conftest.c >&5
configure:4399: $? = 0
configure:4399: gcc -c -g -O2  conftest.c >&5
conftest.c: In function 'main':
conftest.c:68:53: warning: integer overflow in expression [-Woverflow]
conftest.c:67:12: error: size of array 'test_array' is negative
conftest.c:67:12: error: storage size of 'test_array' isn't constant
configure:4399: $? = 1
configure: failed program was:
| /* confdefs.h */
| #define PACKAGE_NAME "WiflyLight"
| #define PACKAGE_TARNAME "wiflylight"
| #define PACKAGE_VERSION "0.1"
| #define PACKAGE_STRING "WiflyLight 0.1"
| #define PACKAGE_BUGREPORT "weitys1@aol.com"
| #define PACKAGE_URL ""
| #define HAVE_LIBPTHREAD 1
| #define STDC_HEADERS 1
| #define HAVE_SYS_TYPES_H 1
| #define HAVE_SYS_STAT_H 1
| #define HAVE_STDLIB_H 1
| #define HAVE_STRING_H 1
| #define HAVE_MEMORY_H 1
| #define HAVE_STRINGS_H 1
| #define HAVE_INTTYPES_H 1
| #define HAVE_STDINT_H 1
| #define HAVE_UNISTD_H 1
| #define HAVE_ARPA_INET_H 1
| #define HAVE_NETINET_IN_H 1
| #define HAVE_STDDEF_H 1
| #define HAVE_STDINT_H 1
| #define HAVE_STDLIB_H 1
| #define HAVE_STRING_H 1
| #define HAVE_SYS_SOCKET_H 1
| #define HAVE_SYS_TIME_H 1
| #define HAVE_UNISTD_H 1
| #define HAVE__BOOL 1
| /* end confdefs.h.  */
| #include <stdio.h>
| #ifdef HAVE_SYS_TYPES_H
| # include <sys/types.h>
| #endif
| #ifdef HAVE_SYS_STAT_H
| # include <sys/stat.h>
| #endif
| #ifdef STDC_HEADERS
| # include <stdlib.h>
| # include <stddef.h>
| #else
| # ifdef HAVE_STDLIB_H
| #  include <stdlib.h>
| # endif
| #endif
| #ifdef HAVE_STRING_H
| # if !defined STDC_HEADERS && defined HAVE_MEMORY_H
| #  include <memory.h>
| # endif
| # include <string.h>
| #endif
| #ifdef HAVE_STRINGS_H
| # include <strings.h>
| #endif
| #ifdef HAVE_INTTYPES_H
| # include <inttypes.h>
| #endif
| #ifdef HAVE_STDINT_H
| # include <stdint.h>
| #endif
| #ifdef HAVE_UNISTD_H
| # include <unistd.h>
| #endif
| 	        enum { N = 32 / 2 - 1 };
| int
| main ()
| {
| static int test_array [1 - 2 * !((int32_t) (((((int32_t) 1 << N) << N) - 1) * 2 + 1)
| 		 < (int32_t) (((((int32_t) 1 << N) << N) - 1) * 2 + 2))];
| test_array [0] = 0;
| return test_array [0];
| 
|   ;
|   return 0;
| }
configure:4399: result: yes
configure:4410: checking for int8_t
configure:4410: gcc -c -g -O2  conftest.c >&5
configure:4410: $? = 0
configure:4410: gcc -c -g -O2  conftest.c >&5
conftest.c: In function 'main':
conftest.c:67:12: error: size of array 'test_array' is negative
configure:4410: $? = 1
configure: failed program was:
| /* confdefs.h */
| #define PACKAGE_NAME "WiflyLight"
| #define PACKAGE_TARNAME "wiflylight"
| #define PACKAGE_VERSION "0.1"
| #define PACKAGE_STRING "WiflyLight 0.1"
| #define PACKAGE_BUGREPORT "weitys1@aol.com"
| #define PACKAGE_URL ""
| #define HAVE_LIBPTHREAD 1
| #define STDC_HEADERS 1
| #define HAVE_SYS_TYPES_H 1
| #define HAVE_SYS_STAT_H 1
| #define HAVE_STDLIB_H 1
| #define HAVE_STRING_H 1
| #define HAVE_MEMORY_H 1
| #define HAVE_STRINGS_H 1
| #define HAVE_INTTYPES_H 1
| #define HAVE_STDINT_H 1
| #define HAVE_UNISTD_H 1
| #define HAVE_ARPA_INET_H 1
| #define HAVE_NETINET_IN_H 1
| #define HAVE_STDDEF_H 1
| #define HAVE_STDINT_H 1
| #define HAVE_STDLIB_H 1
| #define HAVE_STRING_H 1
| #define HAVE_SYS_SOCKET_H 1
| #define HAVE_SYS_TIME_H 1
| #define HAVE_UNISTD_H 1
| #define HAVE__BOOL 1
| /* end confdefs.h.  */
| #include <stdio.h>
| #ifdef HAVE_SYS_TYPES_H
| # include <sys/types.h>
| #endif
| #ifdef HAVE_SYS_STAT_H
| # include <sys/stat.h>
| #endif
| #ifdef STDC_HEADERS
| # include <stdlib.h>
| # include <stddef.h>
| #else
| # ifdef HAVE_STDLIB_H
| #  include <stdlib.h>
| # endif
| #endif
| #ifdef HAVE_STRING_H
| # if !defined STDC_HEADERS && defined HAVE_MEMORY_H
| #  include <memory.h>
| # endif
| # include <string.h>
| #endif
| #ifdef HAVE_STRINGS_H
| # include <strings.h>
| #endif
| #ifdef HAVE_INTTYPES_H
| # include <inttypes.h>
| #endif
| #ifdef HAVE_STDINT_H
| # include <stdint.h>
| #endif
| #ifdef HAVE_UNISTD_H
| # include <unistd.h>
| #endif
| 	        enum { N = 8 / 2 - 1 };
| int
| main ()
| {
| static int test_array [1 - 2 * !((int8_t) (((((int8_t) 1 << N) << N) - 1) * 2 + 1)
| 		 < (int8_t) (((((int8_t) 1 << N) << N) - 1) * 2 + 2))];
| test_array [0] = 0;
| return test_array [0];
| 
|   ;
|   return 0;
| }
configure:4410: result: yes
configure:4421: checking for size_t
configure:4421: gcc -c -g -O2  conftest.c >&5
configure:4421: $? = 0
configure:4421: gcc -c -g -O2  conftest.c >&5
conftest.c: In function 'main':
conftest.c:66:21: error: expected expression before ')' token
configure:4421: $? = 1
configure: failed program was:
| /* confdefs.h */
| #define PACKAGE_NAME "WiflyLight"
| #define PACKAGE_TARNAME "wiflylight"
| #define PACKAGE_VERSION "0.1"
| #define PACKAGE_STRING "WiflyLight 0.1"
| #define PACKAGE_BUGREPORT "weitys1@aol.com"
| #define PACKAGE_URL ""
| #define HAVE_LIBPTHREAD 1
| #define STDC_HEADERS 1
| #define HAVE_SYS_TYPES_H 1
| #define HAVE_SYS_STAT_H 1
| #define HAVE_STDLIB_H 1
| #define HAVE_STRING_H 1
| #define HAVE_MEMORY_H 1
| #define HAVE_STRINGS_H 1
| #define HAVE_INTTYPES_H 1
| #define HAVE_STDINT_H 1
| #define HAVE_UNISTD_H 1
| #define HAVE_ARPA_INET_H 1
| #define HAVE_NETINET_IN_H 1
| #define HAVE_STDDEF_H 1
| #define HAVE_STDINT_H 1
| #define HAVE_STDLIB_H 1
| #define HAVE_STRING_H 1
| #define HAVE_SYS_SOCKET_H 1
| #define HAVE_SYS_TIME_H 1
| #define HAVE_UNISTD_H 1
| #define HAVE__BOOL 1
| /* end confdefs.h.  */
| #include <stdio.h>
| #ifdef HAVE_SYS_TYPES_H
| # include <sys/types.h>
| #endif
| #ifdef HAVE_SYS_STAT_H
| # include <sys/stat.h>
| #endif
| #ifdef STDC_HEADERS
| # include <stdlib.h>
| # include <stddef.h>
| #else
| # ifdef HAVE_STDLIB_H
| #  include <stdlib.h>
| # endif
| #endif
| #ifdef HAVE_STRING_H
| # if !defined STDC_HEADERS && defined HAVE_MEMORY_H
| #  include <memory.h>
| # endif
| # include <string.h>
| #endif
| #ifdef HAVE_STRINGS_H
| # include <strings.h>
| #endif
| #ifdef HAVE_INTTYPES_H
| # include <inttypes.h>
| #endif
| #ifdef HAVE_STDINT_H
| # include <stdint.h>
| #endif
| #ifdef HAVE_UNISTD_H
| # include <unistd.h>
| #endif
| int
| main ()
| {
| if (sizeof ((size_t)))
| 	    return 0;
|   ;
|   return 0;
| }
configure:4421: result: yes
configure:4432: checking for uint16_t
configure:4432: gcc -c -g -O2  conftest.c >&5
configure:4432: $? = 0
configure:4432: result: yes
configure:4444: checking for uint32_t
configure:4444: gcc -c -g -O2  conftest.c >&5
configure:4444: $? = 0
configure:4444: result: yes
configure:4458: checking for uint64_t
configure:4458: gcc -c -g -O2  conftest.c >&5
configure:4458: $? = 0
configure:4458: result: yes
configure:4472: checking for uint8_t
configure:4472: gcc -c -g -O2  conftest.c >&5
configure:4472: $? = 0
configure:4472: result: yes
configure:4491: checking for clock_gettime
configure:4491: gcc -o conftest -g -O2   conftest.c -lpthread  >&5
Undefined symbols for architecture x86_64:
  "_clock_gettime", referenced from:
      _main in ccUb5tPJ.o
ld: symbol(s) not found for architecture x86_64
collect2: error: ld returned 1 exit status
configure:4491: $? = 1
configure: failed program was:
| /* confdefs.h */
| #define PACKAGE_NAME "WiflyLight"
| #define PACKAGE_TARNAME "wiflylight"
| #define PACKAGE_VERSION "0.1"
| #define PACKAGE_STRING "WiflyLight 0.1"
| #define PACKAGE_BUGREPORT "weitys1@aol.com"
| #define PACKAGE_URL ""
| #define HAVE_LIBPTHREAD 1
| #define STDC_HEADERS 1
| #define HAVE_SYS_TYPES_H 1
| #define HAVE_SYS_STAT_H 1
| #define HAVE_STDLIB_H 1
| #define HAVE_STRING_H 1
| #define HAVE_MEMORY_H 1
| #define HAVE_STRINGS_H 1
| #define HAVE_INTTYPES_H 1
| #define HAVE_STDINT_H 1
| #define HAVE_UNISTD_H 1
| #define HAVE_ARPA_INET_H 1
| #define HAVE_NETINET_IN_H 1
| #define HAVE_STDDEF_H 1
| #define HAVE_STDINT_H 1
| #define HAVE_STDLIB_H 1
| #define HAVE_STRING_H 1
| #define HAVE_SYS_SOCKET_H 1
| #define HAVE_SYS_TIME_H 1
| #define HAVE_UNISTD_H 1
| #define HAVE__BOOL 1
| /* end confdefs.h.  */
| /* Define clock_gettime to an innocuous variant, in case <limits.h> declares clock_gettime.
|    For example, HP-UX 11i <limits.h> declares gettimeofday.  */
| #define clock_gettime innocuous_clock_gettime
| 
| /* System header to define __stub macros and hopefully few prototypes,
|     which can conflict with char clock_gettime (); below.
|     Prefer <limits.h> to <assert.h> if __STDC__ is defined, since
|     <limits.h> exists even on freestanding compilers.  */
| 
| #ifdef __STDC__
| # include <limits.h>
| #else
| # include <assert.h>
| #endif
| 
| #undef clock_gettime
| 
| /* Override any GCC internal prototype to avoid an error.
|    Use char because int might match the return type of a GCC
|    builtin and then its argument prototype would still apply.  */
| #ifdef __cplusplus
| extern "C"
| #endif
| char clock_gettime ();
| /* The GNU C library defines this for functions which it implements
|     to always fail with ENOSYS.  Some functions are actually named
|     something starting with __ and the normal name is an alias.  */
| #if defined __stub_clock_gettime || defined __stub___clock_gettime
| choke me
| #endif
| 
| int
| main ()
| {
| return clock_gettime ();
|   ;
|   return 0;
| }
configure:4491: result: no
configure:4491: checking for gettimeofday
configure:4491: gcc -o conftest -g -O2   conftest.c -lpthread  >&5
configure:4491: $? = 0
configure:4491: result: yes
configure:4491: checking for localtime_r
configure:4491: gcc -o conftest -g -O2   conftest.c -lpthread  >&5
configure:4491: $? = 0
configure:4491: result: yes
configure:4491: checking for memset
configure:4491: gcc -o conftest -g -O2   conftest.c -lpthread  >&5
conftest.c:55:6: warning: conflicting types for built-in function 'memset' [enabled by default]
configure:4491: $? = 0
configure:4491: result: yes
configure:4491: checking for select
configure:4491: gcc -o conftest -g -O2   conftest.c -lpthread  >&5
configure:4491: $? = 0
configure:4491: result: yes
configure:4491: checking for socket
configure:4491: gcc -o conftest -g -O2   conftest.c -lpthread  >&5
configure:4491: $? = 0
configure:4491: result: yes
configure:4617: creating ./config.status

## ---------------------- ##
## Running config.status. ##
## ---------------------- ##

This file was extended by WiflyLight config.status 0.1, which was
generated by GNU Autoconf 2.69.  Invocation command line was

  CONFIG_FILES    = 
  CONFIG_HEADERS  = 
  CONFIG_LINKS    = 
  CONFIG_COMMANDS = 
  $ ./config.status 

on Nils-Weis-MacBook-Pro-2.local

config.status:826: creating Makefile
config.status:826: creating config.h

## ---------------- ##
## Cache variables. ##
## ---------------- ##

ac_cv_c_compiler_gnu=yes
ac_cv_c_inline=inline
ac_cv_c_int32_t=yes
ac_cv_c_int8_t=yes
ac_cv_c_uint16_t=yes
ac_cv_c_uint32_t=yes
ac_cv_c_uint64_t=yes
ac_cv_c_uint8_t=yes
ac_cv_cxx_compiler_gnu=yes
ac_cv_env_CCC_set=
ac_cv_env_CCC_value=
ac_cv_env_CC_set=
ac_cv_env_CC_value=
ac_cv_env_CFLAGS_set=
ac_cv_env_CFLAGS_value=
ac_cv_env_CPPFLAGS_set=
ac_cv_env_CPPFLAGS_value=
ac_cv_env_CPP_set=
ac_cv_env_CPP_value=
ac_cv_env_CXXFLAGS_set=
ac_cv_env_CXXFLAGS_value=
ac_cv_env_CXX_set=
ac_cv_env_CXX_value=
ac_cv_env_LDFLAGS_set=
ac_cv_env_LDFLAGS_value=
ac_cv_env_LIBS_set=
ac_cv_env_LIBS_value=
ac_cv_env_build_alias_set=
ac_cv_env_build_alias_value=
ac_cv_env_host_alias_set=
ac_cv_env_host_alias_value=
ac_cv_env_target_alias_set=
ac_cv_env_target_alias_value=
ac_cv_func_clock_gettime=no
ac_cv_func_gettimeofday=yes
ac_cv_func_localtime_r=yes
ac_cv_func_memset=yes
ac_cv_func_select=yes
ac_cv_func_socket=yes
ac_cv_header_arpa_inet_h=yes
ac_cv_header_inttypes_h=yes
ac_cv_header_memory_h=yes
ac_cv_header_netinet_in_h=yes
ac_cv_header_stdbool_h=yes
ac_cv_header_stdc=yes
ac_cv_header_stddef_h=yes
ac_cv_header_stdint_h=yes
ac_cv_header_stdlib_h=yes
ac_cv_header_string_h=yes
ac_cv_header_strings_h=yes
ac_cv_header_sys_socket_h=yes
ac_cv_header_sys_stat_h=yes
ac_cv_header_sys_time_h=yes
ac_cv_header_sys_types_h=yes
ac_cv_header_unistd_h=yes
ac_cv_lib_GLU_gluBeginCurve=no
ac_cv_lib_GL_glAlphaFunc=no
ac_cv_lib_glut_glutBitmapCharacter=no
ac_cv_lib_pthread_pthread_create=yes
ac_cv_lib_thread_sleep_for=no
ac_cv_objext=o
ac_cv_path_DOXYGEN=/opt/local/bin/doxygen
ac_cv_path_EGREP='/usr/bin/grep -E'
ac_cv_path_GIT=/usr/bin/git
ac_cv_path_GREP=/usr/bin/grep
ac_cv_path_NDK=not_found
ac_cv_path_PIC_CC8E=/Users/weitys1/Dropbox/Wifly_Light/CC8E/CC8E.EXE
ac_cv_path_WINE=/opt/local/bin/wine
ac_cv_prog_CPP='gcc -E'
ac_cv_prog_ac_ct_CC=gcc
ac_cv_prog_ac_ct_CXX=g++
ac_cv_prog_cc_c89=
ac_cv_prog_cc_g=yes
ac_cv_prog_cxx_g=yes
ac_cv_prog_make_make_set=yes
ac_cv_type__Bool=yes
ac_cv_type_size_t=yes

## ----------------- ##
## Output variables. ##
## ----------------- ##

AM_CXXFLAGS='-Wall'
CC='gcc'
CFLAGS='-g -O2'
CPP='gcc -E'
CPPFLAGS=''
CXX='g++'
CXXFLAGS='-g -O2'
DEFS='-DHAVE_CONFIG_H'
DOXYGEN='/opt/local/bin/doxygen'
ECHO_C='\c'
ECHO_N=''
ECHO_T=''
EGREP='/usr/bin/grep -E'
EXEEXT=''
GIT='/usr/bin/git'
GL='not_found'
GLU='not_found'
GREP='/usr/bin/grep'
LDFLAGS=''
LIBOBJS=''
LIBS='-lpthread '
LTLIBOBJS=''
NDK='not_found'
OBJEXT='o'
PACKAGE_BUGREPORT='weitys1@aol.com'
PACKAGE_NAME='WiflyLight'
PACKAGE_STRING='WiflyLight 0.1'
PACKAGE_TARNAME='wiflylight'
PACKAGE_URL=''
PACKAGE_VERSION='0.1'
PATH_SEPARATOR=':'
PIC_CC8E='/Users/weitys1/Dropbox/Wifly_Light/CC8E/CC8E.EXE'
SET_MAKE=''
SHELL='/bin/sh'
WINE='/opt/local/bin/wine'
ac_ct_CC='gcc'
ac_ct_CXX='g++'
bindir='${exec_prefix}/bin'
build_alias=''
datadir='${datarootdir}'
datarootdir='${prefix}/share'
docdir='${datarootdir}/doc/${PACKAGE_TARNAME}'
dvidir='${docdir}'
exec_prefix='${prefix}'
glut='not_found'
host_alias=''
htmldir='${docdir}'
includedir='${prefix}/include'
infodir='${datarootdir}/info'
libdir='${exec_prefix}/lib'
libexecdir='${exec_prefix}/libexec'
localedir='${datarootdir}/locale'
localstatedir='${prefix}/var'
mandir='${datarootdir}/man'
oldincludedir='/usr/include'
pdfdir='${docdir}'
prefix='/usr/local'
program_transform_name='s,x,x,'
psdir='${docdir}'
sbindir='${exec_prefix}/sbin'
sharedstatedir='${prefix}/com'
sysconfdir='${prefix}/etc'
target_alias=''

## ----------- ##
## confdefs.h. ##
## ----------- ##

/* confdefs.h */
#define PACKAGE_NAME "WiflyLight"
#define PACKAGE_TARNAME "wiflylight"
#define PACKAGE_VERSION "0.1"
#define PACKAGE_STRING "WiflyLight 0.1"
#define PACKAGE_BUGREPORT "weitys1@aol.com"
#define PACKAGE_URL ""
#define HAVE_LIBPTHREAD 1
#define STDC_HEADERS 1
#define HAVE_SYS_TYPES_H 1
#define HAVE_SYS_STAT_H 1
#define HAVE_STDLIB_H 1
#define HAVE_STRING_H 1
#define HAVE_MEMORY_H 1
#define HAVE_STRINGS_H 1
#define HAVE_INTTYPES_H 1
#define HAVE_STDINT_H 1
#define HAVE_UNISTD_H 1
#define HAVE_ARPA_INET_H 1
#define HAVE_NETINET_IN_H 1
#define HAVE_STDDEF_H 1
#define HAVE_STDINT_H 1
#define HAVE_STDLIB_H 1
#define HAVE_STRING_H 1
#define HAVE_SYS_SOCKET_H 1
#define HAVE_SYS_TIME_H 1
#define HAVE_UNISTD_H 1
#define HAVE__BOOL 1
#define HAVE_GETTIMEOFDAY 1
#define HAVE_LOCALTIME_R 1
#define HAVE_MEMSET 1
#define HAVE_SELECT 1
#define HAVE_SOCKET 1

configure: exit 0
